[2023-08-09 12:38:28] [ ERROR] [Main:44] Error de Sintaxis en sentencia SQL "DROP TABLE [*]IF EXIST ANIMALES ; CREATE TABLE ANIMALES(ID INT AUTO_INCREMENT PRIMARY KEY, NOMBRE VARCHAR(50) NOT NULL, TIPO VARCHAR(50) NOT NULL)"; se esperaba "identifier"
Syntax error in SQL statement "DROP TABLE [*]IF EXIST ANIMALES ; CREATE TABLE ANIMALES(ID INT AUTO_INCREMENT PRIMARY KEY, NOMBRE VARCHAR(50) NOT NULL, TIPO VARCHAR(50) NOT NULL)"; expected "identifier"; SQL statement:
DROP TABLE IF EXIST ANIMALES ; CREATE TABLE ANIMALES(ID INT AUTO_INCREMENT PRIMARY KEY, NOMBRE VARCHAR(50) NOT NULL, TIPO VARCHAR(50) NOT NULL) [42001-220]
[2023-08-09 12:42:55] [ ERROR] [Main:44] Tabla "ANIMES" no encontrada
Table "ANIMES" not found; SQL statement:
SELECT*FROM ANIMES WHERE ID=1 [42102-220]
[2023-08-09 12:43:36] [ INFO ] [Main:38] 1
[2023-08-09 12:45:29] [ INFO ] [Main:38] 1
[2023-08-09 12:45:29] [ INFO ] [Main:39] perro
[2023-08-09 12:45:53] [ INFO ] [Main:38] 1
[2023-08-09 12:45:53] [ INFO ] [Main:39] perro
[2023-08-09 12:45:53] [ INFO ] [Main:40] Homero
[2023-08-09 12:50:21] [ INFO ] [Main:38] 1-Homero-perro
[2023-08-09 12:50:21] [ INFO ] [Main:38] 2-Uber-gato
[2023-08-09 23:15:59] [ ERROR] [OdontologoDaoH2:49] Tabla "ODONTOLOGO" no encontrada
Table "ODONTOLOGO" not found; SQL statement:
INSERT INTO ODONTOLOGO VALUES(?,?,?) [42102-220]
[2023-08-09 23:15:59] [ ERROR] [OdontologoDaoH2:86] Tabla "ODONTOLOGO" no encontrada
Table "ODONTOLOGO" not found; SQL statement:
SELECT * FROM ODONTOLOGO [42102-220]
[2023-08-09 23:37:43] [ ERROR] [OdontologoDaoH2:56] La cantidad de columnas no coincide
Column count does not match; SQL statement:
INSERT INTO ODONTOLOGO VALUES(?,?,?) [21002-220]
[2023-08-09 23:37:43] [ INFO ] [OdontologoDaoH2:88] Listado de todos los odontologos: []
[2023-08-09 23:38:26] [ ERROR] [OdontologoDaoH2:56] Parametro "#4" no está fijado
Parameter "#4" is not set; SQL statement:
INSERT INTO ODONTOLOGO VALUES(?,?,?,?) [90012-220]
[2023-08-09 23:38:26] [ INFO ] [OdontologoDaoH2:88] Listado de todos los odontologos: []
[2023-08-09 23:39:21] [ ERROR] [OdontologoDaoH2:57] Parametro "#4" no está fijado
Parameter "#4" is not set; SQL statement:
INSERT INTO ODONTOLOGO VALUES(?,?,?,?) [90012-220]
[2023-08-09 23:39:21] [ INFO ] [OdontologoDaoH2:89] Listado de todos los odontologos: []
[2023-08-09 23:40:19] [ INFO ] [OdontologoDaoH2:52] se ha guardado el odontologocamila-garcia
[2023-08-09 23:40:19] [ ERROR] [OdontologoDaoH2:94] Columna "matricula" no encontrada
Column "matricula" not found [42122-220]
[2023-08-09 23:42:06] [ INFO ] [OdontologoDaoH2:52] se ha guardado el odontologocamila-garcia
[2023-08-09 23:43:15] [ INFO ] [OdontologoDaoH2:52] se ha guardado el odontologocamila-garcia
[2023-08-09 23:43:15] [ INFO ] [OdontologoDaoH2:52] se ha guardado el odontologojose-diaz
[2023-08-09 23:44:21] [ INFO ] [OdontologoDaoH2:52] se ha guardado el odontologocamila-garcia
[2023-08-09 23:44:21] [ INFO ] [OdontologoDaoH2:52] se ha guardado el odontologojose-diaz
[2023-08-09 23:44:21] [ ERROR] [OdontologoDaoH2:94] Columna "matricula" no encontrada
Column "matricula" not found [42122-220]
[2023-08-09 23:45:37] [ INFO ] [OdontologoDaoH2:52] se ha guardado el odontologocamila-garcia
[2023-08-09 23:45:37] [ INFO ] [OdontologoDaoH2:52] se ha guardado el odontologojose-diaz
[2023-08-09 23:45:37] [ ERROR] [OdontologoDaoH2:94] Columna "matricula" no encontrada
Column "matricula" not found [42122-220]
[2023-08-09 23:49:18] [ INFO ] [OdontologoDaoH2:52] se ha guardado el odontologocamila-garcia
[2023-08-09 23:49:18] [ INFO ] [OdontologoDaoH2:52] se ha guardado el odontologojose-diaz
[2023-08-09 23:56:41] [ INFO ] [OdontologoDaoH2:52] se ha guardado el odontologocamila-garcia
[2023-08-09 23:56:41] [ INFO ] [OdontologoDaoH2:52] se ha guardado el odontologojose-diaz
[2023-08-09 23:56:41] [ INFO ] [OdontologoDaoH2:96] Listado de todos los odontologos: [Id: 2 - Nombre: jose - Apellido: diazMatricula124]
[2023-08-09 23:57:58] [ INFO ] [OdontologoDaoH2:52] se ha guardado el odontologocamila-garcia
[2023-08-09 23:57:58] [ INFO ] [OdontologoDaoH2:52] se ha guardado el odontologojose-diaz
[2023-08-09 23:57:58] [ INFO ] [OdontologoDaoH2:96] Listado de todos los odontologos: [Id: 2 - Nombre: jose - Apellido: diazMatricula124]
[2023-08-10 00:01:43] [ INFO ] [OdontologoDaoH2:52] se ha guardado el odontologocamila-garcia
[2023-08-10 00:01:43] [ INFO ] [OdontologoDaoH2:52] se ha guardado el odontologojose-diaz
[2023-08-10 00:01:43] [ INFO ] [OdontologoDaoH2:87] Listado de todos los odontologos: [Id: 2 - Nombre: jose - Apellido: diazMatricula124]
[2023-08-10 00:12:00] [ INFO ] [OdontologoDaoH2:52] se ha guardado el odontologocamila-garcia
[2023-08-10 00:12:00] [ INFO ] [OdontologoDaoH2:52] se ha guardado el odontologojose-diaz
[2023-08-10 00:12:00] [ INFO ] [OdontologoDaoH2:87] Listado de todos los odontologos: [Id: 2 - Nombre: jose - Apellido: diazMatricula124]
[2023-08-10 00:34:28] [ INFO ] [OdontologoDaoH2:52] se ha guardado el odontologocamila-garcia
[2023-08-10 00:34:28] [ INFO ] [OdontologoDaoH2:52] se ha guardado el odontologojose-diaz
[2023-08-10 00:34:28] [ ERROR] [OdontologoDaoH2:89] Error de Sintaxis en sentencia SQL "SELECT * FROM [*]<ODONTOLOGO>"; se esperaba "identifier"
Syntax error in SQL statement "SELECT * FROM [*]<ODONTOLOGO>"; expected "identifier"; SQL statement:
SELECT * FROM <ODONTOLOGO> [42001-220]
[2023-08-10 00:34:43] [ INFO ] [OdontologoDaoH2:52] se ha guardado el odontologocamila-garcia
[2023-08-10 00:34:43] [ INFO ] [OdontologoDaoH2:52] se ha guardado el odontologojose-diaz
[2023-08-10 00:34:43] [ INFO ] [OdontologoDaoH2:84] Listado de todos los odontologos: [Id: 2 - Nombre: jose - Apellido: diazMatricula124]
[2023-08-10 00:35:34] [ INFO ] [OdontologoDaoH2:52] se ha guardado el odontologocamila-garcia
[2023-08-10 00:35:34] [ INFO ] [OdontologoDaoH2:52] se ha guardado el odontologojose-diaz
[2023-08-10 00:35:34] [ INFO ] [OdontologoDaoH2:52] se ha guardado el odontologojuan-gomez
[2023-08-10 00:35:34] [ INFO ] [OdontologoDaoH2:84] Listado de todos los odontologos: [Id: 3 - Nombre: juan - Apellido: gomezMatricula555]
[2023-08-10 00:38:15] [ INFO ] [OdontologoDaoH2:52] se ha guardado el odontologocamila-garcia
[2023-08-10 00:38:15] [ INFO ] [OdontologoDaoH2:52] se ha guardado el odontologojose-diaz
[2023-08-10 00:38:15] [ INFO ] [OdontologoDaoH2:52] se ha guardado el odontologojuan-gomez
[2023-08-10 00:38:16] [ INFO ] [OdontologoDaoH2:84] Listado de todos los odontologos: [Id: 3 - Nombre: juan - Apellido: gomezMatricula555]
[2023-08-10 00:40:06] [ INFO ] [OdontologoDaoH2:52] se ha guardado el odontologocamila-garcia
[2023-08-10 00:40:06] [ INFO ] [OdontologoDaoH2:52] se ha guardado el odontologojose-diaz
[2023-08-10 00:40:06] [ INFO ] [OdontologoDaoH2:52] se ha guardado el odontologojuan-gomez
[2023-08-10 00:40:06] [ INFO ] [OdontologoDaoH2:84] Listado de todos los odontologos: [Id: 3 - Nombre: juan - Apellido: gomezMatricula555]
[2023-08-10 00:42:28] [ INFO ] [OdontologoDaoH2:52] se ha guardado el odontologocamila-garcia
[2023-08-10 00:42:28] [ INFO ] [OdontologoDaoH2:52] se ha guardado el odontologojose-diaz
[2023-08-10 00:42:28] [ INFO ] [OdontologoDaoH2:52] se ha guardado el odontologojuan-gomez
[2023-08-10 00:42:28] [ INFO ] [OdontologoDaoH2:84] Listado de todos los odontologos: [Id: 3 - Nombre: juan - Apellido: gomezMatricula555]
